c:\apps_data\code_repo\qh3_symext_javaweb\aswstoolkit\aswscommon\debug\vc120.pdb
c:\apps_data\code_repo\qh3_symext_javaweb\aswstoolkit\aswscommon\debug\vc120.idb
c:\apps_data\code_repo\qh3_symext_javaweb\aswstoolkit\aswscommon\debug\grid_client.obj
c:\apps_data\code_repo\qh3_symext_javaweb\aswstoolkit\aswscommon\debug\session.obj
c:\apps_data\code_repo\qh3_symext_javaweb\aswstoolkit\aswscommon\debug\session_scheduler.obj
c:\apps_data\code_repo\qh3_symext_javaweb\aswstoolkit\aswscommon\debug\worker.obj
c:\apps_data\code_repo\qh3_symext_javaweb\aswstoolkit\aswscommon\debug\worker_pool.obj
c:\apps_data\code_repo\qh3_symext_javaweb\aswstoolkit\aswscommon\debug\async_session.obj
c:\apps_data\code_repo\qh3_symext_javaweb\aswstoolkit\aswscommon\debug\bookkeeper.obj
c:\apps_data\code_repo\qh3_symext_javaweb\aswstoolkit\aswscommon\debug\soam_client.obj
c:\apps_data\code_repo\qh3_symext_javaweb\aswstoolkit\aswscommon\debug\sync_session.obj
c:\apps_data\code_repo\qh3_symext_javaweb\aswstoolkit\aswscommon\debug\prefix_stream.obj
c:\apps_data\code_repo\qh3_symext_javaweb\aswstoolkit\aswscommon\debug\generators.obj
c:\apps_data\code_repo\qh3_symext_javaweb\aswstoolkit\aswscommon\debug\xml_rule_set.obj
c:\apps_data\code_repo\qh3_symext_javaweb\aswstoolkit\aswscommon\debug\xml_traverser.obj
c:\apps_data\code_repo\qh3_symext_javaweb\aswstoolkit\aswscommon\debug\idle_workload.obj
c:\apps_data\code_repo\qh3_symext_javaweb\aswstoolkit\aswscommon\debug\linpack_workload.obj
c:\apps_data\code_repo\qh3_symext_javaweb\aswstoolkit\aswscommon\debug\linpack.obj
c:\apps_data\code_repo\qh3_symext_javaweb\aswstoolkit\debug\aswscommon.lib
c:\apps_data\code_repo\qh3_symext_javaweb\aswstoolkit\aswscommon\debug\aswscommon.tlog\cl.command.1.tlog
c:\apps_data\code_repo\qh3_symext_javaweb\aswstoolkit\aswscommon\debug\aswscommon.tlog\cl.read.1.tlog
c:\apps_data\code_repo\qh3_symext_javaweb\aswstoolkit\aswscommon\debug\aswscommon.tlog\cl.write.1.tlog
c:\apps_data\code_repo\qh3_symext_javaweb\aswstoolkit\aswscommon\debug\aswscommon.tlog\lib-link.write.1.tlog
c:\apps_data\code_repo\qh3_symext_javaweb\aswstoolkit\aswscommon\debug\aswscommon.tlog\lib.command.1.tlog
c:\apps_data\code_repo\qh3_symext_javaweb\aswstoolkit\aswscommon\debug\aswscommon.tlog\lib.read.1.tlog
